[realtime-service] Installing dependencies...
bun install v1.3.10 (30e609e0)
Resolving dependencies
Resolved, downloaded and extracted [80]
Saved lockfile

+ socket.io@4.8.3

22 packages installed [752.00ms]
[realtime-service] Running bun run dev...
$ bun --hot index.ts

  ╔══════════════════════════════════════════════════════════════╗
  ║                                                              ║
  ║   🚀 43V3R BET AI - Real-time Service                       ║
  ║                                                              ║
  ║   Socket.io Server running on port 3003                      ║
  ║                                                              ║
  ║   Features:                                                  ║
  ║   • Live match updates (30s intervals)                       ║
  ║   • Real-time odds movements (5s intervals)                  ║
  ║   • Value bet alerts (1 min intervals)                       ║
  ║   • User notifications                                       ║
  ║                                                              ║
  ╚══════════════════════════════════════════════════════════════╝
  
